{"/Users/Michal.Swiecicki/workspaces/multi-monitor-updater-apps/public/src/app/utils/constants.ts": {"path":"/Users/Michal.Swiecicki/workspaces/multi-monitor-updater-apps/public/src/app/utils/constants.ts","statementMap":{"0":{"start":{"line":1,"column":13},"end":{"line":1,"column":28}},"1":{"start":{"line":2,"column":13},"end":{"line":2,"column":24}},"2":{"start":{"line":3,"column":13},"end":{"line":3,"column":40}}},"fnMap":{},"branchMap":{},"s":{"0":1,"1":1,"2":1},"f":{},"b":{}}
,"/Users/Michal.Swiecicki/workspaces/multi-monitor-updater-apps/public/src/app/utils/update.ts": {"path":"/Users/Michal.Swiecicki/workspaces/multi-monitor-updater-apps/public/src/app/utils/update.ts","statementMap":{"0":{"start":{"line":3,"column":0},"end":{"line":3,"column":null}},"1":{"start":{"line":13,"column":0},"end":{"line":13,"column":58}},"2":{"start":{"line":26,"column":78},"end":{"line":47,"column":1}},"3":{"start":{"line":27,"column":44},"end":{"line":38,"column":4}},"4":{"start":{"line":39,"column":2},"end":{"line":44,"column":null}},"5":{"start":{"line":40,"column":26},"end":{"line":40,"column":59}},"6":{"start":{"line":41,"column":5},"end":{"line":43,"column":18}},"7":{"start":{"line":46,"column":2},"end":{"line":46,"column":19}},"8":{"start":{"line":53,"column":21},"end":{"line":73,"column":1}},"9":{"start":{"line":54,"column":2},"end":{"line":56,"column":null}},"10":{"start":{"line":55,"column":4},"end":{"line":55,"column":20}},"11":{"start":{"line":57,"column":33},"end":{"line":57,"column":59}},"12":{"start":{"line":58,"column":2},"end":{"line":60,"column":null}},"13":{"start":{"line":59,"column":4},"end":{"line":59,"column":19}},"14":{"start":{"line":61,"column":29},"end":{"line":61,"column":53}},"15":{"start":{"line":62,"column":41},"end":{"line":62,"column":68}},"16":{"start":{"line":63,"column":2},"end":{"line":63,"column":50}},"17":{"start":{"line":64,"column":2},"end":{"line":70,"column":7}},"18":{"start":{"line":66,"column":6},"end":{"line":66,"column":58}},"19":{"start":{"line":69,"column":6},"end":{"line":69,"column":50}},"20":{"start":{"line":72,"column":2},"end":{"line":72,"column":45}},"21":{"start":{"line":75,"column":65},"end":{"line":82,"column":1}},"22":{"start":{"line":76,"column":2},"end":{"line":81,"column":4}},"23":{"start":{"line":84,"column":58},"end":{"line":86,"column":1}},"24":{"start":{"line":85,"column":2},"end":{"line":85,"column":85}},"25":{"start":{"line":92,"column":32},"end":{"line":113,"column":1}},"26":{"start":{"line":93,"column":2},"end":{"line":95,"column":null}},"27":{"start":{"line":94,"column":4},"end":{"line":94,"column":20}},"28":{"start":{"line":96,"column":27},"end":{"line":96,"column":101}},"29":{"start":{"line":96,"column":52},"end":{"line":96,"column":100}},"30":{"start":{"line":97,"column":27},"end":{"line":97,"column":96}},"31":{"start":{"line":97,"column":52},"end":{"line":97,"column":95}},"32":{"start":{"line":98,"column":22},"end":{"line":101,"column":null}},"33":{"start":{"line":104,"column":2},"end":{"line":112,"column":4}},"34":{"start":{"line":106,"column":27},"end":{"line":106,"column":55}},"35":{"start":{"line":107,"column":6},"end":{"line":110,"column":9}},"36":{"start":{"line":115,"column":57},"end":{"line":130,"column":1}},"37":{"start":{"line":116,"column":2},"end":{"line":129,"column":4}},"38":{"start":{"line":135,"column":36},"end":{"line":150,"column":1}},"39":{"start":{"line":136,"column":2},"end":{"line":138,"column":null}},"40":{"start":{"line":137,"column":4},"end":{"line":137,"column":20}},"41":{"start":{"line":139,"column":27},"end":{"line":139,"column":82}},"42":{"start":{"line":140,"column":2},"end":{"line":142,"column":null}},"43":{"start":{"line":141,"column":4},"end":{"line":141,"column":72}},"44":{"start":{"line":143,"column":2},"end":{"line":147,"column":null}},"45":{"start":{"line":144,"column":4},"end":{"line":146,"column":6}},"46":{"start":{"line":149,"column":2},"end":{"line":149,"column":26}},"47":{"start":{"line":164,"column":30},"end":{"line":179,"column":1}},"48":{"start":{"line":165,"column":20},"end":{"line":165,"column":45}},"49":{"start":{"line":166,"column":2},"end":{"line":166,"column":97}},"50":{"start":{"line":167,"column":2},"end":{"line":167,"column":109}},"51":{"start":{"line":168,"column":2},"end":{"line":168,"column":77}},"52":{"start":{"line":169,"column":2},"end":{"line":176,"column":null}},"53":{"start":{"line":170,"column":4},"end":{"line":170,"column":118}},"54":{"start":{"line":171,"column":4},"end":{"line":175,"column":6}},"55":{"start":{"line":178,"column":2},"end":{"line":178,"column":19}},"56":{"start":{"line":159,"column":13},"end":{"line":159,"column":null}},"57":{"start":{"line":193,"column":30},"end":{"line":223,"column":1}},"58":{"start":{"line":194,"column":20},"end":{"line":194,"column":45}},"59":{"start":{"line":195,"column":2},"end":{"line":197,"column":null}},"60":{"start":{"line":196,"column":4},"end":{"line":196,"column":21}},"61":{"start":{"line":198,"column":2},"end":{"line":220,"column":null}},"62":{"start":{"line":200,"column":6},"end":{"line":200,"column":120}},"63":{"start":{"line":201,"column":6},"end":{"line":201,"column":12}},"64":{"start":{"line":203,"column":6},"end":{"line":203,"column":101}},"65":{"start":{"line":204,"column":6},"end":{"line":204,"column":12}},"66":{"start":{"line":206,"column":6},"end":{"line":210,"column":8}},"67":{"start":{"line":211,"column":6},"end":{"line":211,"column":12}},"68":{"start":{"line":213,"column":6},"end":{"line":213,"column":113}},"69":{"start":{"line":214,"column":6},"end":{"line":214,"column":12}},"70":{"start":{"line":216,"column":6},"end":{"line":216,"column":81}},"71":{"start":{"line":217,"column":6},"end":{"line":217,"column":12}},"72":{"start":{"line":219,"column":6},"end":{"line":219,"column":12}},"73":{"start":{"line":222,"column":2},"end":{"line":222,"column":19}},"74":{"start":{"line":188,"column":13},"end":{"line":188,"column":null}}},"fnMap":{"0":{"name":"(anonymous_0)","decl":{"start":{"line":26,"column":78},"end":{"line":26,"column":79}},"loc":{"start":{"line":26,"column":89},"end":{"line":47,"column":1}}},"1":{"name":"(anonymous_1)","decl":{"start":{"line":53,"column":21},"end":{"line":53,"column":22}},"loc":{"start":{"line":53,"column":52},"end":{"line":73,"column":1}}},"2":{"name":"(anonymous_2)","decl":{"start":{"line":65,"column":12},"end":{"line":65,"column":13}},"loc":{"start":{"line":65,"column":21},"end":{"line":67,"column":5}}},"3":{"name":"(anonymous_3)","decl":{"start":{"line":68,"column":13},"end":{"line":68,"column":14}},"loc":{"start":{"line":68,"column":22},"end":{"line":70,"column":5}}},"4":{"name":"(anonymous_4)","decl":{"start":{"line":75,"column":65},"end":{"line":75,"column":66}},"loc":{"start":{"line":75,"column":73},"end":{"line":82,"column":1}}},"5":{"name":"(anonymous_5)","decl":{"start":{"line":84,"column":58},"end":{"line":84,"column":59}},"loc":{"start":{"line":84,"column":66},"end":{"line":86,"column":1}}},"6":{"name":"(anonymous_6)","decl":{"start":{"line":92,"column":32},"end":{"line":92,"column":33}},"loc":{"start":{"line":92,"column":63},"end":{"line":113,"column":1}}},"7":{"name":"(anonymous_7)","decl":{"start":{"line":96,"column":43},"end":{"line":96,"column":44}},"loc":{"start":{"line":96,"column":52},"end":{"line":96,"column":100}}},"8":{"name":"(anonymous_8)","decl":{"start":{"line":97,"column":43},"end":{"line":97,"column":44}},"loc":{"start":{"line":97,"column":52},"end":{"line":97,"column":95}}},"9":{"name":"(anonymous_9)","decl":{"start":{"line":105,"column":20},"end":{"line":105,"column":21}},"loc":{"start":{"line":105,"column":28},"end":{"line":111,"column":5}}},"10":{"name":"(anonymous_10)","decl":{"start":{"line":115,"column":57},"end":{"line":115,"column":60}},"loc":{"start":{"line":115,"column":62},"end":{"line":130,"column":1}}},"11":{"name":"(anonymous_11)","decl":{"start":{"line":135,"column":36},"end":{"line":135,"column":37}},"loc":{"start":{"line":135,"column":58},"end":{"line":150,"column":1}}},"12":{"name":"(anonymous_12)","decl":{"start":{"line":164,"column":30},"end":{"line":164,"column":31}},"loc":{"start":{"line":164,"column":67},"end":{"line":179,"column":1}}},"13":{"name":"(anonymous_13)","decl":{"start":{"line":193,"column":30},"end":{"line":193,"column":31}},"loc":{"start":{"line":193,"column":76},"end":{"line":223,"column":1}}}},"branchMap":{"0":{"loc":{"start":{"line":34,"column":22},"end":{"line":34,"column":90}},"type":"cond-expr","locations":[{"start":{"line":34,"column":48},"end":{"line":34,"column":78}},{"start":{"line":34,"column":81},"end":{"line":34,"column":90}}]},"1":{"loc":{"start":{"line":37,"column":6},"end":{"line":37,"column":118}},"type":"cond-expr","locations":[{"start":{"line":37,"column":50},"end":{"line":37,"column":81}},{"start":{"line":37,"column":84},"end":{"line":37,"column":118}}]},"2":{"loc":{"start":{"line":39,"column":2},"end":{"line":44,"column":null}},"type":"if","locations":[{"start":{"line":39,"column":2},"end":{"line":44,"column":null}}]},"3":{"loc":{"start":{"line":41,"column":73},"end":{"line":43,"column":17}},"type":"cond-expr","locations":[{"start":{"line":42,"column":8},"end":{"line":42,"column":50}},{"start":{"line":43,"column":8},"end":{"line":43,"column":17}}]},"4":{"loc":{"start":{"line":54,"column":2},"end":{"line":56,"column":null}},"type":"if","locations":[{"start":{"line":54,"column":2},"end":{"line":56,"column":null}}]},"5":{"loc":{"start":{"line":58,"column":2},"end":{"line":60,"column":null}},"type":"if","locations":[{"start":{"line":58,"column":2},"end":{"line":60,"column":null}}]},"6":{"loc":{"start":{"line":66,"column":13},"end":{"line":66,"column":57}},"type":"binary-expr","locations":[{"start":{"line":66,"column":13},"end":{"line":66,"column":30}},{"start":{"line":66,"column":34},"end":{"line":66,"column":57}}]},"7":{"loc":{"start":{"line":85,"column":9},"end":{"line":85,"column":84}},"type":"cond-expr","locations":[{"start":{"line":85,"column":28},"end":{"line":85,"column":31}},{"start":{"line":85,"column":34},"end":{"line":85,"column":84}}]},"8":{"loc":{"start":{"line":85,"column":67},"end":{"line":85,"column":82}},"type":"binary-expr","locations":[{"start":{"line":85,"column":67},"end":{"line":85,"column":76}},{"start":{"line":85,"column":80},"end":{"line":85,"column":82}}]},"9":{"loc":{"start":{"line":93,"column":2},"end":{"line":95,"column":null}},"type":"if","locations":[{"start":{"line":93,"column":2},"end":{"line":95,"column":null}}]},"10":{"loc":{"start":{"line":109,"column":15},"end":{"line":109,"column":51}},"type":"cond-expr","locations":[{"start":{"line":109,"column":34},"end":{"line":109,"column":39}},{"start":{"line":109,"column":42},"end":{"line":109,"column":51}}]},"11":{"loc":{"start":{"line":136,"column":2},"end":{"line":138,"column":null}},"type":"if","locations":[{"start":{"line":136,"column":2},"end":{"line":138,"column":null}}]},"12":{"loc":{"start":{"line":139,"column":27},"end":{"line":139,"column":82}},"type":"cond-expr","locations":[{"start":{"line":139,"column":38},"end":{"line":139,"column":53}},{"start":{"line":139,"column":56},"end":{"line":139,"column":82}}]},"13":{"loc":{"start":{"line":140,"column":2},"end":{"line":142,"column":null}},"type":"if","locations":[{"start":{"line":140,"column":2},"end":{"line":142,"column":null}}]},"14":{"loc":{"start":{"line":143,"column":2},"end":{"line":147,"column":null}},"type":"if","locations":[{"start":{"line":143,"column":2},"end":{"line":147,"column":null}}]},"15":{"loc":{"start":{"line":169,"column":2},"end":{"line":176,"column":null}},"type":"if","locations":[{"start":{"line":169,"column":2},"end":{"line":176,"column":null}}]},"16":{"loc":{"start":{"line":170,"column":29},"end":{"line":170,"column":117}},"type":"cond-expr","locations":[{"start":{"line":170,"column":72},"end":{"line":170,"column":92}},{"start":{"line":170,"column":95},"end":{"line":170,"column":117}}]},"17":{"loc":{"start":{"line":195,"column":2},"end":{"line":197,"column":null}},"type":"if","locations":[{"start":{"line":195,"column":2},"end":{"line":197,"column":null}}]},"18":{"loc":{"start":{"line":198,"column":2},"end":{"line":220,"column":null}},"type":"switch","locations":[{"start":{"line":199,"column":4},"end":{"line":201,"column":12}},{"start":{"line":202,"column":4},"end":{"line":204,"column":12}},{"start":{"line":205,"column":4},"end":{"line":211,"column":12}},{"start":{"line":212,"column":4},"end":{"line":214,"column":12}},{"start":{"line":215,"column":4},"end":{"line":217,"column":12}},{"start":{"line":218,"column":4},"end":{"line":219,"column":12}}]},"19":{"loc":{"start":{"line":200,"column":31},"end":{"line":200,"column":119}},"type":"cond-expr","locations":[{"start":{"line":200,"column":74},"end":{"line":200,"column":94}},{"start":{"line":200,"column":97},"end":{"line":200,"column":119}}]}},"s":{"0":1,"1":1,"2":1,"3":11,"4":11,"5":11,"6":11,"7":11,"8":1,"9":7,"10":1,"11":6,"12":6,"13":2,"14":4,"15":4,"16":4,"17":4,"18":2,"19":2,"20":4,"21":1,"22":2,"23":1,"24":4,"25":1,"26":3,"27":1,"28":2,"29":0,"30":2,"31":0,"32":2,"33":2,"34":2,"35":2,"36":1,"37":2,"38":1,"39":3,"40":1,"41":2,"42":2,"43":2,"44":2,"45":2,"46":2,"47":1,"48":1,"49":1,"50":1,"51":1,"52":1,"53":1,"54":1,"55":1,"56":1,"57":1,"58":10,"59":10,"60":1,"61":9,"62":1,"63":1,"64":2,"65":2,"66":1,"67":1,"68":2,"69":2,"70":2,"71":2,"72":1,"73":9,"74":1},"f":{"0":11,"1":7,"2":2,"3":2,"4":2,"5":4,"6":3,"7":0,"8":0,"9":2,"10":2,"11":3,"12":1,"13":10},"b":{"0":[0,11],"1":[0,11],"2":[11],"3":[0,11],"4":[1],"5":[2],"6":[2,2],"7":[2,2],"8":[2,0],"9":[1],"10":[2,0],"11":[1],"12":[0,2],"13":[2],"14":[2],"15":[1],"16":[1,0],"17":[1],"18":[1,2,1,2,2,1],"19":[1,0]}}
}
