TN:
SF:src/app/utils/constants.ts
FNF:0
FNH:0
DA:1,1
DA:2,1
DA:3,1
LF:3
LH:3
BRF:0
BRH:0
end_of_record
TN:
SF:src/app/utils/update.ts
FN:26,(anonymous_0)
FN:53,(anonymous_1)
FN:65,(anonymous_2)
FN:68,(anonymous_3)
FN:75,(anonymous_4)
FN:84,(anonymous_5)
FN:92,(anonymous_6)
FN:96,(anonymous_7)
FN:97,(anonymous_8)
FN:105,(anonymous_9)
FN:115,(anonymous_10)
FN:135,(anonymous_11)
FN:164,(anonymous_12)
FN:193,(anonymous_13)
FNF:14
FNH:12
FNDA:11,(anonymous_0)
FNDA:7,(anonymous_1)
FNDA:2,(anonymous_2)
FNDA:2,(anonymous_3)
FNDA:2,(anonymous_4)
FNDA:4,(anonymous_5)
FNDA:3,(anonymous_6)
FNDA:0,(anonymous_7)
FNDA:0,(anonymous_8)
FNDA:2,(anonymous_9)
FNDA:2,(anonymous_10)
FNDA:3,(anonymous_11)
FNDA:1,(anonymous_12)
FNDA:10,(anonymous_13)
DA:3,1
DA:13,1
DA:26,1
DA:27,11
DA:39,11
DA:40,11
DA:41,11
DA:46,11
DA:53,1
DA:54,7
DA:55,1
DA:57,6
DA:58,6
DA:59,2
DA:61,4
DA:62,4
DA:63,4
DA:64,4
DA:66,2
DA:69,2
DA:72,4
DA:75,1
DA:76,2
DA:84,1
DA:85,4
DA:92,1
DA:93,3
DA:94,1
DA:96,2
DA:97,2
DA:98,2
DA:104,2
DA:106,2
DA:107,2
DA:115,1
DA:116,2
DA:135,1
DA:136,3
DA:137,1
DA:139,2
DA:140,2
DA:141,2
DA:143,2
DA:144,2
DA:149,2
DA:159,1
DA:164,1
DA:165,1
DA:166,1
DA:167,1
DA:168,1
DA:169,1
DA:170,1
DA:171,1
DA:178,1
DA:188,1
DA:193,1
DA:194,10
DA:195,10
DA:196,1
DA:198,9
DA:200,1
DA:201,1
DA:203,2
DA:204,2
DA:206,1
DA:211,1
DA:213,2
DA:214,2
DA:216,2
DA:217,2
DA:219,1
DA:222,9
LF:73
LH:73
BRDA:34,0,0,0
BRDA:34,0,1,11
BRDA:37,1,0,0
BRDA:37,1,1,11
BRDA:39,2,0,11
BRDA:41,3,0,0
BRDA:41,3,1,11
BRDA:54,4,0,1
BRDA:58,5,0,2
BRDA:66,6,0,2
BRDA:66,6,1,2
BRDA:85,7,0,2
BRDA:85,7,1,2
BRDA:85,8,0,2
BRDA:85,8,1,0
BRDA:93,9,0,1
BRDA:109,10,0,2
BRDA:109,10,1,0
BRDA:136,11,0,1
BRDA:139,12,0,0
BRDA:139,12,1,2
BRDA:140,13,0,2
BRDA:143,14,0,2
BRDA:169,15,0,1
BRDA:170,16,0,1
BRDA:170,16,1,0
BRDA:195,17,0,1
BRDA:198,18,0,1
BRDA:198,18,1,2
BRDA:198,18,2,1
BRDA:198,18,3,2
BRDA:198,18,4,2
BRDA:198,18,5,1
BRDA:200,19,0,1
BRDA:200,19,1,0
BRF:35
BRH:27
end_of_record
